[ 6344374ms] [ERROR] ./src/components/accounting/ConceptCard.tsx:1:1
Export AnalogyBlock doesn't exist in target module
> 1 | import { AnalogyBlock } from "./AnalogyBlock";
    | ^^^^^^^^^^^^^^^^^^^^^^^^^^^^^^^^^^^^^^^^^^^^^^
  2 | import { TermTooltip } from "@/components/ui/term-tooltip";
  3 |
  4 | interface ConceptCardProps {

The export AnalogyBlock was not found in module [project]/src/components/accounting/AnalogyBlock.tsx [app-rsc] (ecmascript).
The module has no exports at all.
All exports of the module are statically known (It doesn't have dynamic exports). So it's known statically that the requested export doesn't exist.

Import trace:
  Server Component:
    ./src/components/accounting/ConceptCard.tsx
    ./src/app/courses/accounting/intro/page.tsx @ http://localhost:3000/_next/static/chunks/node_modules_next_dist_f3530cac._.js:3127
[ 6344376ms] [ERROR] ./src/components/accounting/ConceptCard.tsx:1:1
Export AnalogyBlock doesn't exist in target module
> 1 | import { AnalogyBlock } from "./AnalogyBlock";
    | ^^^^^^^^^^^^^^^^^^^^^^^^^^^^^^^^^^^^^^^^^^^^^^
  2 | import { TermTooltip } from "@/components/ui/term-tooltip";
  3 |
  4 | interface ConceptCardProps {

The export AnalogyBlock was not found in module [project]/src/components/accounting/AnalogyBlock.tsx [app-client] (ecmascript).
The module has no exports at all.
All exports of the module are statically known (It doesn't have dynamic exports). So it's known statically that the requested export doesn't exist.

Import traces:
  Client Component Browser:
    ./src/components/accounting/ConceptCard.tsx [Client Component Browser]
    ./src/app/courses/accounting/chapter-3/page.tsx [Client Component Browser]
    ./src/app/courses/accounting/chapter-3/page.tsx [Server Component]

  Client Component SSR:
    ./src/components/accounting/ConceptCard.tsx [Client Component SSR]
    ./src/app/courses/accounting/chapter-3/page.tsx [Client Component SSR]
    ./src/app/courses/accounting/chapter-3/page.tsx [Server Component] @ http://localhost:3000/_next/static/chunks/node_modules_next_dist_f3530cac._.js:3127
[ 6344377ms] [ERROR] ./src/components/accounting/ConceptCard.tsx:1:1
Export AnalogyBlock doesn't exist in target module
> 1 | import { AnalogyBlock } from "./AnalogyBlock";
    | ^^^^^^^^^^^^^^^^^^^^^^^^^^^^^^^^^^^^^^^^^^^^^^
  2 | import { TermTooltip } from "@/components/ui/term-tooltip";
  3 |
  4 | interface ConceptCardProps {

The export AnalogyBlock was not found in module [project]/src/components/accounting/AnalogyBlock.tsx [app-ssr] (ecmascript).
The module has no exports at all.
All exports of the module are statically known (It doesn't have dynamic exports). So it's known statically that the requested export doesn't exist.

Import traces:
  Client Component Browser:
    ./src/components/accounting/ConceptCard.tsx [Client Component Browser]
    ./src/app/courses/accounting/chapter-3/page.tsx [Client Component Browser]
    ./src/app/courses/accounting/chapter-3/page.tsx [Server Component]

  Client Component SSR:
    ./src/components/accounting/ConceptCard.tsx [Client Component SSR]
    ./src/app/courses/accounting/chapter-3/page.tsx [Client Component SSR]
    ./src/app/courses/accounting/chapter-3/page.tsx [Server Component] @ http://localhost:3000/_next/static/chunks/node_modules_next_dist_f3530cac._.js:3127
[ 6344807ms] [ERROR] ./src/components/accounting/ConceptCard.tsx:1:1
Export AnalogyBlock doesn't exist in target module
> 1 | import { AnalogyBlock } from "./AnalogyBlock";
    | ^^^^^^^^^^^^^^^^^^^^^^^^^^^^^^^^^^^^^^^^^^^^^^
  2 | import { TermTooltip } from "@/components/ui/term-tooltip";
  3 |
  4 | interface ConceptCardProps {

The export AnalogyBlock was not found in module [project]/src/components/accounting/AnalogyBlock.tsx [app-rsc] (ecmascript).
The module has no exports at all.
All exports of the module are statically known (It doesn't have dynamic exports). So it's known statically that the requested export doesn't exist.

Import trace:
  Server Component:
    ./src/components/accounting/ConceptCard.tsx
    ./src/app/courses/accounting/intro/page.tsx @ http://localhost:3000/_next/static/chunks/node_modules_next_dist_f3530cac._.js:3127
[ 6344807ms] [ERROR] ./src/components/accounting/ConceptCard.tsx:1:1
Export AnalogyBlock doesn't exist in target module
> 1 | import { AnalogyBlock } from "./AnalogyBlock";
    | ^^^^^^^^^^^^^^^^^^^^^^^^^^^^^^^^^^^^^^^^^^^^^^
  2 | import { TermTooltip } from "@/components/ui/term-tooltip";
  3 |
  4 | interface ConceptCardProps {

The export AnalogyBlock was not found in module [project]/src/components/accounting/AnalogyBlock.tsx [app-client] (ecmascript).
The module has no exports at all.
All exports of the module are statically known (It doesn't have dynamic exports). So it's known statically that the requested export doesn't exist.

Import traces:
  Client Component Browser:
    ./src/components/accounting/ConceptCard.tsx [Client Component Browser]
    ./src/app/courses/accounting/chapter-3/page.tsx [Client Component Browser]
    ./src/app/courses/accounting/chapter-3/page.tsx [Server Component]

  Client Component SSR:
    ./src/components/accounting/ConceptCard.tsx [Client Component SSR]
    ./src/app/courses/accounting/chapter-3/page.tsx [Client Component SSR]
    ./src/app/courses/accounting/chapter-3/page.tsx [Server Component] @ http://localhost:3000/_next/static/chunks/node_modules_next_dist_f3530cac._.js:3127
[ 6344808ms] [ERROR] ./src/components/accounting/ConceptCard.tsx:1:1
Export AnalogyBlock doesn't exist in target module
> 1 | import { AnalogyBlock } from "./AnalogyBlock";
    | ^^^^^^^^^^^^^^^^^^^^^^^^^^^^^^^^^^^^^^^^^^^^^^
  2 | import { TermTooltip } from "@/components/ui/term-tooltip";
  3 |
  4 | interface ConceptCardProps {

The export AnalogyBlock was not found in module [project]/src/components/accounting/AnalogyBlock.tsx [app-ssr] (ecmascript).
The module has no exports at all.
All exports of the module are statically known (It doesn't have dynamic exports). So it's known statically that the requested export doesn't exist.

Import traces:
  Client Component Browser:
    ./src/components/accounting/ConceptCard.tsx [Client Component Browser]
    ./src/app/courses/accounting/chapter-3/page.tsx [Client Component Browser]
    ./src/app/courses/accounting/chapter-3/page.tsx [Server Component]

  Client Component SSR:
    ./src/components/accounting/ConceptCard.tsx [Client Component SSR]
    ./src/app/courses/accounting/chapter-3/page.tsx [Client Component SSR]
    ./src/app/courses/accounting/chapter-3/page.tsx [Server Component] @ http://localhost:3000/_next/static/chunks/node_modules_next_dist_f3530cac._.js:3127
[ 6345020ms] [ERROR] ./src/components/accounting/ConceptCard.tsx:1:1
Export AnalogyBlock doesn't exist in target module
> 1 | import { AnalogyBlock } from "./AnalogyBlock";
    | ^^^^^^^^^^^^^^^^^^^^^^^^^^^^^^^^^^^^^^^^^^^^^^
  2 | import { TermTooltip } from "@/components/ui/term-tooltip";
  3 |
  4 | interface ConceptCardProps {

The export AnalogyBlock was not found in module [project]/src/components/accounting/AnalogyBlock.tsx [app-rsc] (ecmascript).
The module has no exports at all.
All exports of the module are statically known (It doesn't have dynamic exports). So it's known statically that the requested export doesn't exist.

Import trace:
  Server Component:
    ./src/components/accounting/ConceptCard.tsx
    ./src/app/courses/accounting/intro/page.tsx @ http://localhost:3000/_next/static/chunks/node_modules_next_dist_f3530cac._.js:3127
[ 6345021ms] [ERROR] ./src/components/accounting/ConceptCard.tsx:1:1
Export AnalogyBlock doesn't exist in target module
> 1 | import { AnalogyBlock } from "./AnalogyBlock";
    | ^^^^^^^^^^^^^^^^^^^^^^^^^^^^^^^^^^^^^^^^^^^^^^
  2 | import { TermTooltip } from "@/components/ui/term-tooltip";
  3 |
  4 | interface ConceptCardProps {

The export AnalogyBlock was not found in module [project]/src/components/accounting/AnalogyBlock.tsx [app-client] (ecmascript).
The module has no exports at all.
All exports of the module are statically known (It doesn't have dynamic exports). So it's known statically that the requested export doesn't exist.

Import traces:
  Client Component Browser:
    ./src/components/accounting/ConceptCard.tsx [Client Component Browser]
    ./src/app/courses/accounting/chapter-3/page.tsx [Client Component Browser]
    ./src/app/courses/accounting/chapter-3/page.tsx [Server Component]

  Client Component SSR:
    ./src/components/accounting/ConceptCard.tsx [Client Component SSR]
    ./src/app/courses/accounting/chapter-3/page.tsx [Client Component SSR]
    ./src/app/courses/accounting/chapter-3/page.tsx [Server Component] @ http://localhost:3000/_next/static/chunks/node_modules_next_dist_f3530cac._.js:3127
[ 6345022ms] [ERROR] ./src/components/accounting/ConceptCard.tsx:1:1
Export AnalogyBlock doesn't exist in target module
> 1 | import { AnalogyBlock } from "./AnalogyBlock";
    | ^^^^^^^^^^^^^^^^^^^^^^^^^^^^^^^^^^^^^^^^^^^^^^
  2 | import { TermTooltip } from "@/components/ui/term-tooltip";
  3 |
  4 | interface ConceptCardProps {

The export AnalogyBlock was not found in module [project]/src/components/accounting/AnalogyBlock.tsx [app-ssr] (ecmascript).
The module has no exports at all.
All exports of the module are statically known (It doesn't have dynamic exports). So it's known statically that the requested export doesn't exist.

Import traces:
  Client Component Browser:
    ./src/components/accounting/ConceptCard.tsx [Client Component Browser]
    ./src/app/courses/accounting/chapter-3/page.tsx [Client Component Browser]
    ./src/app/courses/accounting/chapter-3/page.tsx [Server Component]

  Client Component SSR:
    ./src/components/accounting/ConceptCard.tsx [Client Component SSR]
    ./src/app/courses/accounting/chapter-3/page.tsx [Client Component SSR]
    ./src/app/courses/accounting/chapter-3/page.tsx [Server Component] @ http://localhost:3000/_next/static/chunks/node_modules_next_dist_f3530cac._.js:3127
[ 6467102ms] [ERROR] ./src/components/accounting/ConceptCard.tsx:1:1
Export AnalogyBlock doesn't exist in target module
> 1 | import { AnalogyBlock } from "./AnalogyBlock";
    | ^^^^^^^^^^^^^^^^^^^^^^^^^^^^^^^^^^^^^^^^^^^^^^
  2 | import { TermTooltip } from "@/components/ui/term-tooltip";
  3 |
  4 | interface ConceptCardProps {

The export AnalogyBlock was not found in module [project]/src/components/accounting/AnalogyBlock.tsx [app-rsc] (ecmascript).
The module has no exports at all.
All exports of the module are statically known (It doesn't have dynamic exports). So it's known statically that the requested export doesn't exist.

Import trace:
  Server Component:
    ./src/components/accounting/ConceptCard.tsx
    ./src/app/courses/accounting/intro/page.tsx @ http://localhost:3000/_next/static/chunks/node_modules_next_dist_f3530cac._.js:3127
[ 6467103ms] [ERROR] ./src/components/accounting/ConceptCard.tsx:1:1
Export AnalogyBlock doesn't exist in target module
> 1 | import { AnalogyBlock } from "./AnalogyBlock";
    | ^^^^^^^^^^^^^^^^^^^^^^^^^^^^^^^^^^^^^^^^^^^^^^
  2 | import { TermTooltip } from "@/components/ui/term-tooltip";
  3 |
  4 | interface ConceptCardProps {

The export AnalogyBlock was not found in module [project]/src/components/accounting/AnalogyBlock.tsx [app-client] (ecmascript).
The module has no exports at all.
All exports of the module are statically known (It doesn't have dynamic exports). So it's known statically that the requested export doesn't exist.

Import traces:
  Client Component Browser:
    ./src/components/accounting/ConceptCard.tsx [Client Component Browser]
    ./src/app/courses/accounting/chapter-3/page.tsx [Client Component Browser]
    ./src/app/courses/accounting/chapter-3/page.tsx [Server Component]

  Client Component SSR:
    ./src/components/accounting/ConceptCard.tsx [Client Component SSR]
    ./src/app/courses/accounting/chapter-3/page.tsx [Client Component SSR]
    ./src/app/courses/accounting/chapter-3/page.tsx [Server Component] @ http://localhost:3000/_next/static/chunks/node_modules_next_dist_f3530cac._.js:3127
[ 6467105ms] [ERROR] ./src/components/accounting/ConceptCard.tsx:1:1
Export AnalogyBlock doesn't exist in target module
> 1 | import { AnalogyBlock } from "./AnalogyBlock";
    | ^^^^^^^^^^^^^^^^^^^^^^^^^^^^^^^^^^^^^^^^^^^^^^
  2 | import { TermTooltip } from "@/components/ui/term-tooltip";
  3 |
  4 | interface ConceptCardProps {

The export AnalogyBlock was not found in module [project]/src/components/accounting/AnalogyBlock.tsx [app-ssr] (ecmascript).
The module has no exports at all.
All exports of the module are statically known (It doesn't have dynamic exports). So it's known statically that the requested export doesn't exist.

Import traces:
  Client Component Browser:
    ./src/components/accounting/ConceptCard.tsx [Client Component Browser]
    ./src/app/courses/accounting/chapter-3/page.tsx [Client Component Browser]
    ./src/app/courses/accounting/chapter-3/page.tsx [Server Component]

  Client Component SSR:
    ./src/components/accounting/ConceptCard.tsx [Client Component SSR]
    ./src/app/courses/accounting/chapter-3/page.tsx [Client Component SSR]
    ./src/app/courses/accounting/chapter-3/page.tsx [Server Component] @ http://localhost:3000/_next/static/chunks/node_modules_next_dist_f3530cac._.js:3127
[ 6468791ms] [ERROR] ./src/components/accounting/ConceptCard.tsx:1:1
Export AnalogyBlock doesn't exist in target module
> 1 | import { AnalogyBlock } from "./AnalogyBlock";
    | ^^^^^^^^^^^^^^^^^^^^^^^^^^^^^^^^^^^^^^^^^^^^^^
  2 | import { TermTooltip } from "@/components/ui/term-tooltip";
  3 |
  4 | interface ConceptCardProps {

The export AnalogyBlock was not found in module [project]/src/components/accounting/AnalogyBlock.tsx [app-rsc] (ecmascript).
The module has no exports at all.
All exports of the module are statically known (It doesn't have dynamic exports). So it's known statically that the requested export doesn't exist.

Import trace:
  Server Component:
    ./src/components/accounting/ConceptCard.tsx
    ./src/app/courses/accounting/intro/page.tsx @ http://localhost:3000/_next/static/chunks/node_modules_next_dist_f3530cac._.js:3127
[ 6468792ms] [ERROR] ./src/components/accounting/ConceptCard.tsx:1:1
Export AnalogyBlock doesn't exist in target module
> 1 | import { AnalogyBlock } from "./AnalogyBlock";
    | ^^^^^^^^^^^^^^^^^^^^^^^^^^^^^^^^^^^^^^^^^^^^^^
  2 | import { TermTooltip } from "@/components/ui/term-tooltip";
  3 |
  4 | interface ConceptCardProps {

The export AnalogyBlock was not found in module [project]/src/components/accounting/AnalogyBlock.tsx [app-client] (ecmascript).
The module has no exports at all.
All exports of the module are statically known (It doesn't have dynamic exports). So it's known statically that the requested export doesn't exist.

Import traces:
  Client Component Browser:
    ./src/components/accounting/ConceptCard.tsx [Client Component Browser]
    ./src/app/courses/accounting/chapter-3/page.tsx [Client Component Browser]
    ./src/app/courses/accounting/chapter-3/page.tsx [Server Component]

  Client Component SSR:
    ./src/components/accounting/ConceptCard.tsx [Client Component SSR]
    ./src/app/courses/accounting/chapter-3/page.tsx [Client Component SSR]
    ./src/app/courses/accounting/chapter-3/page.tsx [Server Component] @ http://localhost:3000/_next/static/chunks/node_modules_next_dist_f3530cac._.js:3127
[ 6468793ms] [ERROR] ./src/components/accounting/ConceptCard.tsx:1:1
Export AnalogyBlock doesn't exist in target module
> 1 | import { AnalogyBlock } from "./AnalogyBlock";
    | ^^^^^^^^^^^^^^^^^^^^^^^^^^^^^^^^^^^^^^^^^^^^^^
  2 | import { TermTooltip } from "@/components/ui/term-tooltip";
  3 |
  4 | interface ConceptCardProps {

The export AnalogyBlock was not found in module [project]/src/components/accounting/AnalogyBlock.tsx [app-ssr] (ecmascript).
The module has no exports at all.
All exports of the module are statically known (It doesn't have dynamic exports). So it's known statically that the requested export doesn't exist.

Import traces:
  Client Component Browser:
    ./src/components/accounting/ConceptCard.tsx [Client Component Browser]
    ./src/app/courses/accounting/chapter-3/page.tsx [Client Component Browser]
    ./src/app/courses/accounting/chapter-3/page.tsx [Server Component]

  Client Component SSR:
    ./src/components/accounting/ConceptCard.tsx [Client Component SSR]
    ./src/app/courses/accounting/chapter-3/page.tsx [Client Component SSR]
    ./src/app/courses/accounting/chapter-3/page.tsx [Server Component] @ http://localhost:3000/_next/static/chunks/node_modules_next_dist_f3530cac._.js:3127
[ 6468985ms] [ERROR] ./src/components/accounting/ConceptCard.tsx:1:1
Export AnalogyBlock doesn't exist in target module
> 1 | import { AnalogyBlock } from "./AnalogyBlock";
    | ^^^^^^^^^^^^^^^^^^^^^^^^^^^^^^^^^^^^^^^^^^^^^^
  2 | import { TermTooltip } from "@/components/ui/term-tooltip";
  3 |
  4 | interface ConceptCardProps {

The export AnalogyBlock was not found in module [project]/src/components/accounting/AnalogyBlock.tsx [app-rsc] (ecmascript).
The module has no exports at all.
All exports of the module are statically known (It doesn't have dynamic exports). So it's known statically that the requested export doesn't exist.

Import trace:
  Server Component:
    ./src/components/accounting/ConceptCard.tsx
    ./src/app/courses/accounting/intro/page.tsx @ http://localhost:3000/_next/static/chunks/node_modules_next_dist_f3530cac._.js:3127
[ 6468986ms] [ERROR] ./src/components/accounting/ConceptCard.tsx:1:1
Export AnalogyBlock doesn't exist in target module
> 1 | import { AnalogyBlock } from "./AnalogyBlock";
    | ^^^^^^^^^^^^^^^^^^^^^^^^^^^^^^^^^^^^^^^^^^^^^^
  2 | import { TermTooltip } from "@/components/ui/term-tooltip";
  3 |
  4 | interface ConceptCardProps {

The export AnalogyBlock was not found in module [project]/src/components/accounting/AnalogyBlock.tsx [app-client] (ecmascript).
The module has no exports at all.
All exports of the module are statically known (It doesn't have dynamic exports). So it's known statically that the requested export doesn't exist.

Import traces:
  Client Component Browser:
    ./src/components/accounting/ConceptCard.tsx [Client Component Browser]
    ./src/app/courses/accounting/chapter-3/page.tsx [Client Component Browser]
    ./src/app/courses/accounting/chapter-3/page.tsx [Server Component]

  Client Component SSR:
    ./src/components/accounting/ConceptCard.tsx [Client Component SSR]
    ./src/app/courses/accounting/chapter-3/page.tsx [Client Component SSR]
    ./src/app/courses/accounting/chapter-3/page.tsx [Server Component] @ http://localhost:3000/_next/static/chunks/node_modules_next_dist_f3530cac._.js:3127
[ 6468986ms] [ERROR] ./src/components/accounting/ConceptCard.tsx:1:1
Export AnalogyBlock doesn't exist in target module
> 1 | import { AnalogyBlock } from "./AnalogyBlock";
    | ^^^^^^^^^^^^^^^^^^^^^^^^^^^^^^^^^^^^^^^^^^^^^^
  2 | import { TermTooltip } from "@/components/ui/term-tooltip";
  3 |
  4 | interface ConceptCardProps {

The export AnalogyBlock was not found in module [project]/src/components/accounting/AnalogyBlock.tsx [app-ssr] (ecmascript).
The module has no exports at all.
All exports of the module are statically known (It doesn't have dynamic exports). So it's known statically that the requested export doesn't exist.

Import traces:
  Client Component Browser:
    ./src/components/accounting/ConceptCard.tsx [Client Component Browser]
    ./src/app/courses/accounting/chapter-3/page.tsx [Client Component Browser]
    ./src/app/courses/accounting/chapter-3/page.tsx [Server Component]

  Client Component SSR:
    ./src/components/accounting/ConceptCard.tsx [Client Component SSR]
    ./src/app/courses/accounting/chapter-3/page.tsx [Client Component SSR]
    ./src/app/courses/accounting/chapter-3/page.tsx [Server Component] @ http://localhost:3000/_next/static/chunks/node_modules_next_dist_f3530cac._.js:3127
[ 6471419ms] [ERROR] ./src/components/accounting/ConceptCard.tsx:1:1
Export AnalogyBlock doesn't exist in target module
> 1 | import { AnalogyBlock } from "./AnalogyBlock";
    | ^^^^^^^^^^^^^^^^^^^^^^^^^^^^^^^^^^^^^^^^^^^^^^
  2 | import { TermTooltip } from "@/components/ui/term-tooltip";
  3 |
  4 | interface ConceptCardProps {

The export AnalogyBlock was not found in module [project]/src/components/accounting/AnalogyBlock.tsx [app-rsc] (ecmascript).
The module has no exports at all.
All exports of the module are statically known (It doesn't have dynamic exports). So it's known statically that the requested export doesn't exist.

Import trace:
  Server Component:
    ./src/components/accounting/ConceptCard.tsx
    ./src/app/courses/accounting/intro/page.tsx @ http://localhost:3000/_next/static/chunks/node_modules_next_dist_f3530cac._.js:3127
[ 6471419ms] [ERROR] ./src/components/accounting/ConceptCard.tsx:1:1
Export AnalogyBlock doesn't exist in target module
> 1 | import { AnalogyBlock } from "./AnalogyBlock";
    | ^^^^^^^^^^^^^^^^^^^^^^^^^^^^^^^^^^^^^^^^^^^^^^
  2 | import { TermTooltip } from "@/components/ui/term-tooltip";
  3 |
  4 | interface ConceptCardProps {

The export AnalogyBlock was not found in module [project]/src/components/accounting/AnalogyBlock.tsx [app-client] (ecmascript).
The module has no exports at all.
All exports of the module are statically known (It doesn't have dynamic exports). So it's known statically that the requested export doesn't exist.

Import traces:
  Client Component Browser:
    ./src/components/accounting/ConceptCard.tsx [Client Component Browser]
    ./src/app/courses/accounting/chapter-3/page.tsx [Client Component Browser]
    ./src/app/courses/accounting/chapter-3/page.tsx [Server Component]

  Client Component SSR:
    ./src/components/accounting/ConceptCard.tsx [Client Component SSR]
    ./src/app/courses/accounting/chapter-3/page.tsx [Client Component SSR]
    ./src/app/courses/accounting/chapter-3/page.tsx [Server Component] @ http://localhost:3000/_next/static/chunks/node_modules_next_dist_f3530cac._.js:3127
[ 6471420ms] [ERROR] ./src/components/accounting/ConceptCard.tsx:1:1
Export AnalogyBlock doesn't exist in target module
> 1 | import { AnalogyBlock } from "./AnalogyBlock";
    | ^^^^^^^^^^^^^^^^^^^^^^^^^^^^^^^^^^^^^^^^^^^^^^
  2 | import { TermTooltip } from "@/components/ui/term-tooltip";
  3 |
  4 | interface ConceptCardProps {

The export AnalogyBlock was not found in module [project]/src/components/accounting/AnalogyBlock.tsx [app-ssr] (ecmascript).
The module has no exports at all.
All exports of the module are statically known (It doesn't have dynamic exports). So it's known statically that the requested export doesn't exist.

Import traces:
  Client Component Browser:
    ./src/components/accounting/ConceptCard.tsx [Client Component Browser]
    ./src/app/courses/accounting/chapter-3/page.tsx [Client Component Browser]
    ./src/app/courses/accounting/chapter-3/page.tsx [Server Component]

  Client Component SSR:
    ./src/components/accounting/ConceptCard.tsx [Client Component SSR]
    ./src/app/courses/accounting/chapter-3/page.tsx [Client Component SSR]
    ./src/app/courses/accounting/chapter-3/page.tsx [Server Component] @ http://localhost:3000/_next/static/chunks/node_modules_next_dist_f3530cac._.js:3127
[ 6476554ms] [ERROR] ./src/components/accounting/ConceptCard.tsx:1:1
Export AnalogyBlock doesn't exist in target module
> 1 | import { AnalogyBlock } from "./AnalogyBlock";
    | ^^^^^^^^^^^^^^^^^^^^^^^^^^^^^^^^^^^^^^^^^^^^^^
  2 | import { TermTooltip } from "@/components/ui/term-tooltip";
  3 |
  4 | interface ConceptCardProps {

The export AnalogyBlock was not found in module [project]/src/components/accounting/AnalogyBlock.tsx [app-rsc] (ecmascript).
The module has no exports at all.
All exports of the module are statically known (It doesn't have dynamic exports). So it's known statically that the requested export doesn't exist.

Import trace:
  Server Component:
    ./src/components/accounting/ConceptCard.tsx
    ./src/app/courses/accounting/intro/page.tsx @ http://localhost:3000/_next/static/chunks/node_modules_next_dist_f3530cac._.js:3127
[ 6476555ms] [ERROR] ./src/components/accounting/ConceptCard.tsx:1:1
Export AnalogyBlock doesn't exist in target module
> 1 | import { AnalogyBlock } from "./AnalogyBlock";
    | ^^^^^^^^^^^^^^^^^^^^^^^^^^^^^^^^^^^^^^^^^^^^^^
  2 | import { TermTooltip } from "@/components/ui/term-tooltip";
  3 |
  4 | interface ConceptCardProps {

The export AnalogyBlock was not found in module [project]/src/components/accounting/AnalogyBlock.tsx [app-client] (ecmascript).
The module has no exports at all.
All exports of the module are statically known (It doesn't have dynamic exports). So it's known statically that the requested export doesn't exist.

Import traces:
  Client Component Browser:
    ./src/components/accounting/ConceptCard.tsx [Client Component Browser]
    ./src/app/courses/accounting/chapter-3/page.tsx [Client Component Browser]
    ./src/app/courses/accounting/chapter-3/page.tsx [Server Component]

  Client Component SSR:
    ./src/components/accounting/ConceptCard.tsx [Client Component SSR]
    ./src/app/courses/accounting/chapter-3/page.tsx [Client Component SSR]
    ./src/app/courses/accounting/chapter-3/page.tsx [Server Component] @ http://localhost:3000/_next/static/chunks/node_modules_next_dist_f3530cac._.js:3127
[ 6476555ms] [ERROR] ./src/components/accounting/ConceptCard.tsx:1:1
Export AnalogyBlock doesn't exist in target module
> 1 | import { AnalogyBlock } from "./AnalogyBlock";
    | ^^^^^^^^^^^^^^^^^^^^^^^^^^^^^^^^^^^^^^^^^^^^^^
  2 | import { TermTooltip } from "@/components/ui/term-tooltip";
  3 |
  4 | interface ConceptCardProps {

The export AnalogyBlock was not found in module [project]/src/components/accounting/AnalogyBlock.tsx [app-ssr] (ecmascript).
The module has no exports at all.
All exports of the module are statically known (It doesn't have dynamic exports). So it's known statically that the requested export doesn't exist.

Import traces:
  Client Component Browser:
    ./src/components/accounting/ConceptCard.tsx [Client Component Browser]
    ./src/app/courses/accounting/chapter-3/page.tsx [Client Component Browser]
    ./src/app/courses/accounting/chapter-3/page.tsx [Server Component]

  Client Component SSR:
    ./src/components/accounting/ConceptCard.tsx [Client Component SSR]
    ./src/app/courses/accounting/chapter-3/page.tsx [Client Component SSR]
    ./src/app/courses/accounting/chapter-3/page.tsx [Server Component] @ http://localhost:3000/_next/static/chunks/node_modules_next_dist_f3530cac._.js:3127
[ 6505766ms] [ERROR] WebSocket connection to 'ws://localhost:3000/_next/webpack-hmr?id=IHEnQ6-TUrWWJc6cRuhXi' failed: Error in connection establishment: net::ERR_CONNECTION_REFUSED @ http://localhost:3000/_next/static/chunks/node_modules_next_dist_client_17643121._.js:10878
[ 6509134ms] [ERROR] WebSocket connection to 'ws://localhost:3000/_next/webpack-hmr?id=IHEnQ6-TUrWWJc6cRuhXi' failed: Error in connection establishment: net::ERR_CONNECTION_REFUSED @ http://localhost:3000/_next/static/chunks/node_modules_next_dist_client_17643121._.js:10878
[ 6512494ms] [ERROR] WebSocket connection to 'ws://localhost:3000/_next/webpack-hmr?id=IHEnQ6-TUrWWJc6cRuhXi' failed: Error in connection establishment: net::ERR_CONNECTION_REFUSED @ http://localhost:3000/_next/static/chunks/node_modules_next_dist_client_17643121._.js:10878
[ 6515859ms] [ERROR] WebSocket connection to 'ws://localhost:3000/_next/webpack-hmr?id=IHEnQ6-TUrWWJc6cRuhXi' failed: Error in connection establishment: net::ERR_CONNECTION_REFUSED @ http://localhost:3000/_next/static/chunks/node_modules_next_dist_client_17643121._.js:10878
[ 6519216ms] [ERROR] WebSocket connection to 'ws://localhost:3000/_next/webpack-hmr?id=IHEnQ6-TUrWWJc6cRuhXi' failed: Error in connection establishment: net::ERR_CONNECTION_REFUSED @ http://localhost:3000/_next/static/chunks/node_modules_next_dist_client_17643121._.js:10878
[ 6526604ms] [ERROR] WebSocket connection to 'ws://localhost:3000/_next/webpack-hmr?id=IHEnQ6-TUrWWJc6cRuhXi' failed: Error in connection establishment: net::ERR_CONNECTION_REFUSED @ http://localhost:3000/_next/static/chunks/node_modules_next_dist_client_17643121._.js:10878
[ 6533982ms] [ERROR] WebSocket connection to 'ws://localhost:3000/_next/webpack-hmr?id=IHEnQ6-TUrWWJc6cRuhXi' failed: Error in connection establishment: net::ERR_CONNECTION_REFUSED @ http://localhost:3000/_next/static/chunks/node_modules_next_dist_client_17643121._.js:10878
[ 6541362ms] [ERROR] WebSocket connection to 'ws://localhost:3000/_next/webpack-hmr?id=IHEnQ6-TUrWWJc6cRuhXi' failed: Error in connection establishment: net::ERR_CONNECTION_REFUSED @ http://localhost:3000/_next/static/chunks/node_modules_next_dist_client_17643121._.js:10878
[ 6548734ms] [ERROR] WebSocket connection to 'ws://localhost:3000/_next/webpack-hmr?id=IHEnQ6-TUrWWJc6cRuhXi' failed: Error in connection establishment: net::ERR_CONNECTION_REFUSED @ http://localhost:3000/_next/static/chunks/node_modules_next_dist_client_17643121._.js:10878
[ 6556138ms] [ERROR] WebSocket connection to 'ws://localhost:3000/_next/webpack-hmr?id=IHEnQ6-TUrWWJc6cRuhXi' failed: Error in connection establishment: net::ERR_CONNECTION_REFUSED @ http://localhost:3000/_next/static/chunks/node_modules_next_dist_client_17643121._.js:10878
[ 6563575ms] [ERROR] WebSocket connection to 'ws://localhost:3000/_next/webpack-hmr?id=IHEnQ6-TUrWWJc6cRuhXi' failed: Error in connection establishment: net::ERR_CONNECTION_REFUSED @ http://localhost:3000/_next/static/chunks/node_modules_next_dist_client_17643121._.js:10878
[ 6571079ms] [ERROR] WebSocket connection to 'ws://localhost:3000/_next/webpack-hmr?id=IHEnQ6-TUrWWJc6cRuhXi' failed: Error in connection establishment: net::ERR_CONNECTION_REFUSED @ http://localhost:3000/_next/static/chunks/node_modules_next_dist_client_17643121._.js:10878
